<?xml version="1.0" encoding="UTF-8"?>
<!-- Generated by org.testng.reporters.JUnitReportReporter -->
<testsuite hostname="DESKTOP-1VEQKSS" name="testcases.OpenGmailTest" tests="1" failures="0" timestamp="30 Nov 2017 19:16:38 GMT" time="4.448" errors="0">
  <testcase name="openGmailTest" time="4.448" classname="testcases.OpenGmailTest"/>
</testsuite> <!-- testcases.OpenGmailTest -->
