<?xml version="1.0" encoding="UTF-8"?>
<!-- Generated by org.testng.reporters.JUnitReportReporter -->
<testsuite hostname="DESKTOP-1VEQKSS" name="testcases.openGmail" tests="1" failures="0" timestamp="25 Nov 2017 05:08:56 GMT" time="12.024" errors="0">
  <testcase name="openGmailTest" time="12.024" classname="testcases.openGmail"/>
</testsuite> <!-- testcases.openGmail -->
